\BOOKMARK [0][-]{MainTitlePage.0}{Title Page}{}% 1
\BOOKMARK [0][-]{contents.0}{Table of Contents}{}% 2
\BOOKMARK [1][-]{chapter*.3}{List of Tables}{contents.0}% 3
\BOOKMARK [1][-]{chapter*.4}{List of Figures}{contents.0}% 4
\BOOKMARK [1][-]{chapter*.5}{Abstract}{contents.0}% 5
\BOOKMARK [0][-]{chapter.1}{1 Introduction}{}% 6
\BOOKMARK [0][-]{chapter.2}{2 The Standard Model and Its Future}{}% 7
\BOOKMARK [0][-]{chapter.3}{3 The CMS Detector}{}% 8
\BOOKMARK [1][-]{section.3.1}{3.1 The LHC and the CMS}{chapter.3}% 9
\BOOKMARK [1][-]{section.3.2}{3.2 Tracker of the CMS}{chapter.3}% 10
\BOOKMARK [1][-]{section.3.3}{3.3 HGCAL of the CMS}{chapter.3}% 11
\BOOKMARK [0][-]{chapter.4}{4 Trigger Strategy}{}% 12
\BOOKMARK [1][-]{section.4.1}{4.1 Global Tags}{chapter.4}% 13
\BOOKMARK [1][-]{section.4.2}{4.2 Trigger Paths}{chapter.4}% 14
\BOOKMARK [0][-]{chapter.5}{5 Physics Object Definitions}{}% 15
\BOOKMARK [1][-]{section.5.1}{5.1 Muons}{chapter.5}% 16
\BOOKMARK [1][-]{section.5.2}{5.2 Jets}{chapter.5}% 17
\BOOKMARK [1][-]{section.5.3}{5.3 Taus}{chapter.5}% 18
\BOOKMARK [1][-]{section.5.4}{5.4 Region of Interest}{chapter.5}% 19
\BOOKMARK [2][-]{subsection.5.4.1}{5.4.1 Tracks}{section.5.4}% 20
\BOOKMARK [2][-]{subsection.5.4.2}{5.4.2 Vertex Fitter}{section.5.4}% 21
\BOOKMARK [2][-]{subsection.5.4.3}{5.4.3 ROI formation}{section.5.4}% 22
\BOOKMARK [1][-]{section.5.5}{5.5 Pileup Reweighting}{chapter.5}% 23
\BOOKMARK [0][-]{chapter.6}{6 Machine Learning}{}% 24
\BOOKMARK [1][-]{section.6.1}{6.1 Machine Leaning Software}{chapter.6}% 25
\BOOKMARK [1][-]{section.6.2}{6.2 Machine Learning Input Variable}{chapter.6}% 26
\BOOKMARK [1][-]{section.6.3}{6.3 DNN Variable Test}{chapter.6}% 27
\BOOKMARK [1][-]{section.6.4}{6.4 Signal and Background MC Test}{chapter.6}% 28
\BOOKMARK [1][-]{section.6.5}{6.5 SHAP values}{chapter.6}% 29
\BOOKMARK [0][-]{chapter.7}{7 Event Selection, Signal and Control Regions}{}% 30
\BOOKMARK [1][-]{section.7.1}{7.1 Delta Phi\(lead ROI,sublead ROI\)}{chapter.7}% 31
\BOOKMARK [1][-]{section.7.2}{7.2 Number of Annulus Tracks Associated with ROI}{chapter.7}% 32
\BOOKMARK [1][-]{section.7.3}{7.3 Isolation criteria for muons}{chapter.7}% 33
\BOOKMARK [1][-]{section.7.4}{7.4 Leading muon's transverse impact parameter to PV}{chapter.7}% 34
\BOOKMARK [1][-]{section.7.5}{7.5 DeltaR\(ROI, jet\)}{chapter.7}% 35
\BOOKMARK [0][-]{chapter.8}{8 Background Estimation}{}% 36
\BOOKMARK [0][-]{chapter.9}{9 Systematic Uncertainties}{}% 37
\BOOKMARK [0][-]{chapter.10}{10 Results}{}% 38
\BOOKMARK [0][-]{chapter.11}{11 Conclusions}{}% 39
\BOOKMARK [0][-]{appendix.A}{Appendix}{}% 40
\BOOKMARK [0][-]{appendix.A}{A Data Samples}{}% 41
\BOOKMARK [1][-]{section.A.1}{A.1 Monte Carlo Samples}{appendix.A}% 42
\BOOKMARK [2][-]{subsection.A.1.1}{A.1.1 Signal Model and Simulation}{section.A.1}% 43
\BOOKMARK [2][-]{subsection.A.1.2}{A.1.2 Background Monte Carlo}{section.A.1}% 44
\BOOKMARK [0][-]{appendix.B}{B Others}{}% 45
\BOOKMARK [0][-]{appendix*.6}{References}{}% 46
\BOOKMARK [0][-]{appendix*.7}{Biographical Sketch}{}% 47
